{"C:\\Users\\asany\\OneDrive - Conestoga College\\Sem 4\\Application project\\Inventory-Management\\config\\database.js": {"path":"C:\\Users\\asany\\OneDrive - Conestoga College\\Sem 4\\Application project\\Inventory-Management\\config\\database.js","statementMap":{"0":{"start":{"line":1,"column":22},"end":{"line":1,"column":42}},"1":{"start":{"line":2,"column":0},"end":{"line":2,"column":27}},"2":{"start":{"line":5,"column":18},"end":{"line":14,"column":2}},"3":{"start":{"line":17,"column":23},"end":{"line":28,"column":1}},"4":{"start":{"line":18,"column":4},"end":{"line":27,"column":5}},"5":{"start":{"line":19,"column":8},"end":{"line":19,"column":39}},"6":{"start":{"line":20,"column":8},"end":{"line":22,"column":9}},"7":{"start":{"line":21,"column":12},"end":{"line":21,"column":75}},"8":{"start":{"line":24,"column":8},"end":{"line":26,"column":9}},"9":{"start":{"line":25,"column":12},"end":{"line":25,"column":73}},"10":{"start":{"line":30,"column":0},"end":{"line":32,"column":1}},"11":{"start":{"line":31,"column":4},"end":{"line":31,"column":21}},"12":{"start":{"line":34,"column":0},"end":{"line":34,"column":27}}},"fnMap":{"0":{"name":"(anonymous_0)","decl":{"start":{"line":17,"column":23},"end":{"line":17,"column":24}},"loc":{"start":{"line":17,"column":35},"end":{"line":28,"column":1}},"line":17}},"branchMap":{"0":{"loc":{"start":{"line":20,"column":8},"end":{"line":22,"column":9}},"type":"if","locations":[{"start":{"line":20,"column":8},"end":{"line":22,"column":9}},{"start":{},"end":{}}],"line":20},"1":{"loc":{"start":{"line":24,"column":8},"end":{"line":26,"column":9}},"type":"if","locations":[{"start":{"line":24,"column":8},"end":{"line":26,"column":9}},{"start":{},"end":{}}],"line":24},"2":{"loc":{"start":{"line":30,"column":0},"end":{"line":32,"column":1}},"type":"if","locations":[{"start":{"line":30,"column":0},"end":{"line":32,"column":1}},{"start":{},"end":{}}],"line":30}},"s":{"0":1,"1":1,"2":1,"3":1,"4":1,"5":1,"6":0,"7":0,"8":0,"9":0,"10":1,"11":1,"12":1},"f":{"0":1},"b":{"0":[0,0],"1":[0,0],"2":[1,0]},"_coverageSchema":"1a1c01bbd47fc00a2c39e90264f33305004495a9","hash":"b14e56cf0609bf4479d42bc62e77cc096a28099f"}
,"C:\\Users\\asany\\OneDrive - Conestoga College\\Sem 4\\Application project\\Inventory-Management\\models\\index.js": {"path":"C:\\Users\\asany\\OneDrive - Conestoga College\\Sem 4\\Application project\\Inventory-Management\\models\\index.js","statementMap":{"0":{"start":{"line":1,"column":18},"end":{"line":1,"column":38}},"1":{"start":{"line":2,"column":18},"end":{"line":2,"column":47}},"2":{"start":{"line":5,"column":16},"end":{"line":5,"column":36}},"3":{"start":{"line":6,"column":17},"end":{"line":6,"column":38}},"4":{"start":{"line":9,"column":0},"end":{"line":19,"column":3}},"5":{"start":{"line":10,"column":4},"end":{"line":13,"column":7}},"6":{"start":{"line":15,"column":4},"end":{"line":18,"column":7}},"7":{"start":{"line":22,"column":0},"end":{"line":27,"column":2}}},"fnMap":{},"branchMap":{"0":{"loc":{"start":{"line":9,"column":0},"end":{"line":19,"column":3}},"type":"if","locations":[{"start":{"line":9,"column":0},"end":{"line":19,"column":3}},{"start":{},"end":{}}],"line":9}},"s":{"0":1,"1":1,"2":1,"3":1,"4":1,"5":1,"6":1,"7":1},"f":{},"b":{"0":[1,0]},"_coverageSchema":"1a1c01bbd47fc00a2c39e90264f33305004495a9","hash":"6f0fb6f65acad6b133affada0951b26bc2d4f327"}
,"C:\\Users\\asany\\OneDrive - Conestoga College\\Sem 4\\Application project\\Inventory-Management\\models\\product.js": {"path":"C:\\Users\\asany\\OneDrive - Conestoga College\\Sem 4\\Application project\\Inventory-Management\\models\\product.js","statementMap":{"0":{"start":{"line":1,"column":22},"end":{"line":1,"column":42}},"1":{"start":{"line":2,"column":18},"end":{"line":2,"column":47}},"2":{"start":{"line":4,"column":16},"end":{"line":41,"column":2}},"3":{"start":{"line":43,"column":0},"end":{"line":43,"column":25}}},"fnMap":{},"branchMap":{},"s":{"0":1,"1":1,"2":1,"3":1},"f":{},"b":{},"_coverageSchema":"1a1c01bbd47fc00a2c39e90264f33305004495a9","hash":"2e84237de04b08c78073aeb8dc558c3e8ca11752"}
,"C:\\Users\\asany\\OneDrive - Conestoga College\\Sem 4\\Application project\\Inventory-Management\\models\\supplier.js": {"path":"C:\\Users\\asany\\OneDrive - Conestoga College\\Sem 4\\Application project\\Inventory-Management\\models\\supplier.js","statementMap":{"0":{"start":{"line":1,"column":22},"end":{"line":1,"column":42}},"1":{"start":{"line":2,"column":18},"end":{"line":2,"column":47}},"2":{"start":{"line":4,"column":17},"end":{"line":38,"column":2}},"3":{"start":{"line":40,"column":0},"end":{"line":40,"column":26}}},"fnMap":{},"branchMap":{},"s":{"0":1,"1":1,"2":1,"3":1},"f":{},"b":{},"_coverageSchema":"1a1c01bbd47fc00a2c39e90264f33305004495a9","hash":"b04fc087fcf1691cebd4a5471e15e09df60642b9"}
,"C:\\Users\\asany\\OneDrive - Conestoga College\\Sem 4\\Application project\\Inventory-Management\\routes\\product.js": {"path":"C:\\Users\\asany\\OneDrive - Conestoga College\\Sem 4\\Application project\\Inventory-Management\\routes\\product.js","statementMap":{"0":{"start":{"line":1,"column":16},"end":{"line":1,"column":34}},"1":{"start":{"line":2,"column":15},"end":{"line":2,"column":31}},"2":{"start":{"line":3,"column":30},"end":{"line":3,"column":50}},"3":{"start":{"line":6,"column":0},"end":{"line":26,"column":3}},"4":{"start":{"line":7,"column":4},"end":{"line":25,"column":5}},"5":{"start":{"line":8,"column":25},"end":{"line":10,"column":10}},"6":{"start":{"line":13,"column":32},"end":{"line":13,"column":87}},"7":{"start":{"line":14,"column":29},"end":{"line":14,"column":53}},"8":{"start":{"line":17,"column":8},"end":{"line":21,"column":11}},"9":{"start":{"line":23,"column":8},"end":{"line":23,"column":70}},"10":{"start":{"line":24,"column":8},"end":{"line":24,"column":45}},"11":{"start":{"line":29,"column":0},"end":{"line":47,"column":3}},"12":{"start":{"line":30,"column":90},"end":{"line":30,"column":98}},"13":{"start":{"line":32,"column":4},"end":{"line":46,"column":5}},"14":{"start":{"line":33,"column":8},"end":{"line":40,"column":11}},"15":{"start":{"line":42,"column":8},"end":{"line":42,"column":35}},"16":{"start":{"line":44,"column":8},"end":{"line":44,"column":54}},"17":{"start":{"line":45,"column":8},"end":{"line":45,"column":45}},"18":{"start":{"line":50,"column":0},"end":{"line":71,"column":3}},"19":{"start":{"line":51,"column":19},"end":{"line":51,"column":29}},"20":{"start":{"line":52,"column":90},"end":{"line":52,"column":98}},"21":{"start":{"line":54,"column":4},"end":{"line":70,"column":5}},"22":{"start":{"line":55,"column":8},"end":{"line":64,"column":11}},"23":{"start":{"line":66,"column":8},"end":{"line":66,"column":35}},"24":{"start":{"line":68,"column":8},"end":{"line":68,"column":56}},"25":{"start":{"line":69,"column":8},"end":{"line":69,"column":45}},"26":{"start":{"line":74,"column":0},"end":{"line":87,"column":3}},"27":{"start":{"line":75,"column":19},"end":{"line":75,"column":29}},"28":{"start":{"line":77,"column":4},"end":{"line":86,"column":5}},"29":{"start":{"line":78,"column":8},"end":{"line":80,"column":11}},"30":{"start":{"line":82,"column":8},"end":{"line":82,"column":35}},"31":{"start":{"line":84,"column":8},"end":{"line":84,"column":56}},"32":{"start":{"line":85,"column":8},"end":{"line":85,"column":45}},"33":{"start":{"line":89,"column":0},"end":{"line":89,"column":24}}},"fnMap":{"0":{"name":"(anonymous_0)","decl":{"start":{"line":6,"column":16},"end":{"line":6,"column":17}},"loc":{"start":{"line":6,"column":36},"end":{"line":26,"column":1}},"line":6},"1":{"name":"(anonymous_1)","decl":{"start":{"line":29,"column":20},"end":{"line":29,"column":21}},"loc":{"start":{"line":29,"column":40},"end":{"line":47,"column":1}},"line":29},"2":{"name":"(anonymous_2)","decl":{"start":{"line":50,"column":25},"end":{"line":50,"column":26}},"loc":{"start":{"line":50,"column":45},"end":{"line":71,"column":1}},"line":50},"3":{"name":"(anonymous_3)","decl":{"start":{"line":74,"column":27},"end":{"line":74,"column":28}},"loc":{"start":{"line":74,"column":47},"end":{"line":87,"column":1}},"line":74}},"branchMap":{},"s":{"0":1,"1":1,"2":1,"3":1,"4":2,"5":2,"6":1,"7":1,"8":1,"9":1,"10":1,"11":1,"12":1,"13":1,"14":1,"15":1,"16":0,"17":0,"18":1,"19":1,"20":1,"21":1,"22":1,"23":1,"24":0,"25":0,"26":1,"27":1,"28":1,"29":1,"30":1,"31":0,"32":0,"33":1},"f":{"0":2,"1":1,"2":1,"3":1},"b":{},"_coverageSchema":"1a1c01bbd47fc00a2c39e90264f33305004495a9","hash":"7b4661a81faa0e8ac6d96571bd988377d7d6b145"}
,"C:\\Users\\asany\\OneDrive - Conestoga College\\Sem 4\\Application project\\Inventory-Management\\routes\\supplier.js": {"path":"C:\\Users\\asany\\OneDrive - Conestoga College\\Sem 4\\Application project\\Inventory-Management\\routes\\supplier.js","statementMap":{"0":{"start":{"line":1,"column":16},"end":{"line":1,"column":34}},"1":{"start":{"line":2,"column":15},"end":{"line":2,"column":31}},"2":{"start":{"line":3,"column":21},"end":{"line":3,"column":41}},"3":{"start":{"line":6,"column":0},"end":{"line":15,"column":3}},"4":{"start":{"line":7,"column":19},"end":{"line":7,"column":47}},"5":{"start":{"line":8,"column":4},"end":{"line":14,"column":5}},"6":{"start":{"line":9,"column":26},"end":{"line":9,"column":79}},"7":{"start":{"line":10,"column":8},"end":{"line":10,"column":54}},"8":{"start":{"line":12,"column":8},"end":{"line":12,"column":58}},"9":{"start":{"line":13,"column":8},"end":{"line":13,"column":45}},"10":{"start":{"line":18,"column":0},"end":{"line":27,"column":3}},"11":{"start":{"line":19,"column":23},"end":{"line":19,"column":33}},"12":{"start":{"line":20,"column":4},"end":{"line":26,"column":5}},"13":{"start":{"line":21,"column":26},"end":{"line":21,"column":79}},"14":{"start":{"line":22,"column":8},"end":{"line":22,"column":28}},"15":{"start":{"line":24,"column":8},"end":{"line":24,"column":59}},"16":{"start":{"line":25,"column":8},"end":{"line":25,"column":56}},"17":{"start":{"line":30,"column":0},"end":{"line":42,"column":3}},"18":{"start":{"line":31,"column":19},"end":{"line":31,"column":29}},"19":{"start":{"line":32,"column":4},"end":{"line":41,"column":5}},"20":{"start":{"line":33,"column":8},"end":{"line":36,"column":10}},"21":{"start":{"line":37,"column":8},"end":{"line":37,"column":48}},"22":{"start":{"line":39,"column":8},"end":{"line":39,"column":58}},"23":{"start":{"line":40,"column":8},"end":{"line":40,"column":56}},"24":{"start":{"line":45,"column":0},"end":{"line":60,"column":3}},"25":{"start":{"line":46,"column":62},"end":{"line":46,"column":70}},"26":{"start":{"line":47,"column":4},"end":{"line":59,"column":5}},"27":{"start":{"line":48,"column":8},"end":{"line":54,"column":11}},"28":{"start":{"line":55,"column":8},"end":{"line":55,"column":34}},"29":{"start":{"line":57,"column":8},"end":{"line":57,"column":55}},"30":{"start":{"line":58,"column":8},"end":{"line":58,"column":45}},"31":{"start":{"line":63,"column":0},"end":{"line":76,"column":3}},"32":{"start":{"line":64,"column":19},"end":{"line":64,"column":29}},"33":{"start":{"line":65,"column":62},"end":{"line":65,"column":70}},"34":{"start":{"line":66,"column":4},"end":{"line":75,"column":5}},"35":{"start":{"line":67,"column":8},"end":{"line":70,"column":10}},"36":{"start":{"line":71,"column":8},"end":{"line":71,"column":34}},"37":{"start":{"line":73,"column":8},"end":{"line":73,"column":57}},"38":{"start":{"line":74,"column":8},"end":{"line":74,"column":45}},"39":{"start":{"line":79,"column":0},"end":{"line":91,"column":3}},"40":{"start":{"line":80,"column":19},"end":{"line":80,"column":29}},"41":{"start":{"line":81,"column":4},"end":{"line":90,"column":5}},"42":{"start":{"line":82,"column":8},"end":{"line":85,"column":10}},"43":{"start":{"line":86,"column":8},"end":{"line":86,"column":34}},"44":{"start":{"line":88,"column":8},"end":{"line":88,"column":62}},"45":{"start":{"line":89,"column":8},"end":{"line":89,"column":45}},"46":{"start":{"line":93,"column":0},"end":{"line":93,"column":24}}},"fnMap":{"0":{"name":"(anonymous_0)","decl":{"start":{"line":6,"column":16},"end":{"line":6,"column":17}},"loc":{"start":{"line":6,"column":36},"end":{"line":15,"column":1}},"line":6},"1":{"name":"(anonymous_1)","decl":{"start":{"line":18,"column":30},"end":{"line":18,"column":31}},"loc":{"start":{"line":18,"column":50},"end":{"line":27,"column":1}},"line":18},"2":{"name":"(anonymous_2)","decl":{"start":{"line":30,"column":28},"end":{"line":30,"column":29}},"loc":{"start":{"line":30,"column":48},"end":{"line":42,"column":1}},"line":30},"3":{"name":"(anonymous_3)","decl":{"start":{"line":45,"column":20},"end":{"line":45,"column":21}},"loc":{"start":{"line":45,"column":40},"end":{"line":60,"column":1}},"line":45},"4":{"name":"(anonymous_4)","decl":{"start":{"line":63,"column":25},"end":{"line":63,"column":26}},"loc":{"start":{"line":63,"column":45},"end":{"line":76,"column":1}},"line":63},"5":{"name":"(anonymous_5)","decl":{"start":{"line":79,"column":27},"end":{"line":79,"column":28}},"loc":{"start":{"line":79,"column":47},"end":{"line":91,"column":1}},"line":79}},"branchMap":{"0":{"loc":{"start":{"line":7,"column":19},"end":{"line":7,"column":47}},"type":"binary-expr","locations":[{"start":{"line":7,"column":19},"end":{"line":7,"column":35}},{"start":{"line":7,"column":39},"end":{"line":7,"column":47}}],"line":7}},"s":{"0":1,"1":1,"2":1,"3":1,"4":2,"5":2,"6":2,"7":1,"8":1,"9":1,"10":1,"11":2,"12":2,"13":2,"14":1,"15":1,"16":1,"17":1,"18":2,"19":2,"20":2,"21":1,"22":1,"23":1,"24":1,"25":2,"26":2,"27":2,"28":1,"29":1,"30":1,"31":1,"32":2,"33":2,"34":2,"35":2,"36":1,"37":1,"38":1,"39":1,"40":2,"41":2,"42":2,"43":1,"44":1,"45":1,"46":1},"f":{"0":2,"1":2,"2":2,"3":2,"4":2,"5":2},"b":{"0":[2,2]},"_coverageSchema":"1a1c01bbd47fc00a2c39e90264f33305004495a9","hash":"59100596f564f95a164b40628111c1ae7ecc696a"}
}
