TN:
SF:config\database.js
FN:17,(anonymous_0)
FNF:1
FNH:1
FNDA:1,(anonymous_0)
DA:1,1
DA:2,1
DA:5,1
DA:17,1
DA:18,1
DA:19,1
DA:20,0
DA:21,0
DA:24,0
DA:25,0
DA:30,1
DA:31,1
DA:34,1
LF:13
LH:9
BRDA:20,0,0,0
BRDA:20,0,1,0
BRDA:24,1,0,0
BRDA:24,1,1,0
BRDA:30,2,0,1
BRDA:30,2,1,0
BRF:6
BRH:1
end_of_record
TN:
SF:models\index.js
FNF:0
FNH:0
DA:1,1
DA:2,1
DA:5,1
DA:6,1
DA:9,1
DA:10,1
DA:15,1
DA:22,1
LF:8
LH:8
BRDA:9,0,0,1
BRDA:9,0,1,0
BRF:2
BRH:1
end_of_record
TN:
SF:models\product.js
FNF:0
FNH:0
DA:1,1
DA:2,1
DA:4,1
DA:43,1
LF:4
LH:4
BRF:0
BRH:0
end_of_record
TN:
SF:models\supplier.js
FNF:0
FNH:0
DA:1,1
DA:2,1
DA:4,1
DA:40,1
LF:4
LH:4
BRF:0
BRH:0
end_of_record
TN:
SF:routes\product.js
FN:6,(anonymous_0)
FN:29,(anonymous_1)
FN:50,(anonymous_2)
FN:74,(anonymous_3)
FNF:4
FNH:4
FNDA:2,(anonymous_0)
FNDA:1,(anonymous_1)
FNDA:1,(anonymous_2)
FNDA:1,(anonymous_3)
DA:1,1
DA:2,1
DA:3,1
DA:6,1
DA:7,2
DA:8,2
DA:13,1
DA:14,1
DA:17,1
DA:23,1
DA:24,1
DA:29,1
DA:30,1
DA:32,1
DA:33,1
DA:42,1
DA:44,0
DA:45,0
DA:50,1
DA:51,1
DA:52,1
DA:54,1
DA:55,1
DA:66,1
DA:68,0
DA:69,0
DA:74,1
DA:75,1
DA:77,1
DA:78,1
DA:82,1
DA:84,0
DA:85,0
DA:89,1
LF:34
LH:28
BRF:0
BRH:0
end_of_record
TN:
SF:routes\supplier.js
FN:6,(anonymous_0)
FN:18,(anonymous_1)
FN:30,(anonymous_2)
FN:45,(anonymous_3)
FN:63,(anonymous_4)
FN:79,(anonymous_5)
FNF:6
FNH:6
FNDA:2,(anonymous_0)
FNDA:2,(anonymous_1)
FNDA:2,(anonymous_2)
FNDA:2,(anonymous_3)
FNDA:2,(anonymous_4)
FNDA:2,(anonymous_5)
DA:1,1
DA:2,1
DA:3,1
DA:6,1
DA:7,2
DA:8,2
DA:9,2
DA:10,1
DA:12,1
DA:13,1
DA:18,1
DA:19,2
DA:20,2
DA:21,2
DA:22,1
DA:24,1
DA:25,1
DA:30,1
DA:31,2
DA:32,2
DA:33,2
DA:37,1
DA:39,1
DA:40,1
DA:45,1
DA:46,2
DA:47,2
DA:48,2
DA:55,1
DA:57,1
DA:58,1
DA:63,1
DA:64,2
DA:65,2
DA:66,2
DA:67,2
DA:71,1
DA:73,1
DA:74,1
DA:79,1
DA:80,2
DA:81,2
DA:82,2
DA:86,1
DA:88,1
DA:89,1
DA:93,1
LF:47
LH:47
BRDA:7,0,0,2
BRDA:7,0,1,2
BRF:2
BRH:2
end_of_record
